Determining if the pthread_create exist failed with the following output:
Change Dir: /home/swilso421/ros-pi/build/CMakeFiles/CMakeTmp

Run Build Command:/usr/bin/make "cmTryCompileExec1027529991/fast"
/usr/bin/make -f CMakeFiles/cmTryCompileExec1027529991.dir/build.make CMakeFiles/cmTryCompileExec1027529991.dir/build
make[1]: Entering directory `/home/swilso421/ros-pi/build/CMakeFiles/CMakeTmp'
/usr/bin/cmake -E cmake_progress_report /home/swilso421/ros-pi/build/CMakeFiles/CMakeTmp/CMakeFiles 1
Building C object CMakeFiles/cmTryCompileExec1027529991.dir/CheckSymbolExists.c.o
/usr/bin/cc    -o CMakeFiles/cmTryCompileExec1027529991.dir/CheckSymbolExists.c.o   -c /home/swilso421/ros-pi/build/CMakeFiles/CMakeTmp/CheckSymbolExists.c
Linking C executable cmTryCompileExec1027529991
/usr/bin/cmake -E cmake_link_script CMakeFiles/cmTryCompileExec1027529991.dir/link.txt --verbose=1
/usr/bin/cc       CMakeFiles/cmTryCompileExec1027529991.dir/CheckSymbolExists.c.o  -o cmTryCompileExec1027529991 -rdynamic 
CMakeFiles/cmTryCompileExec1027529991.dir/CheckSymbolExists.c.o: In function `main':
CheckSymbolExists.c:(.text+0xa): undefined reference to `pthread_create'
collect2: error: ld returned 1 exit status
make[1]: Leaving directory `/home/swilso421/ros-pi/build/CMakeFiles/CMakeTmp'
make[1]: *** [cmTryCompileExec1027529991] Error 1
make: *** [cmTryCompileExec1027529991/fast] Error 2

File /home/swilso421/ros-pi/build/CMakeFiles/CMakeTmp/CheckSymbolExists.c:
/* */
#include <pthread.h>

int main(int argc, char** argv)
{
  (void)argv;
#ifndef pthread_create
  return ((int*)(&pthread_create))[argc];
#else
  (void)argc;
  return 0;
#endif
}

Determining if the function pthread_create exists in the pthreads failed with the following output:
Change Dir: /home/swilso421/ros-pi/build/CMakeFiles/CMakeTmp

Run Build Command:/usr/bin/make "cmTryCompileExec794105595/fast"
/usr/bin/make -f CMakeFiles/cmTryCompileExec794105595.dir/build.make CMakeFiles/cmTryCompileExec794105595.dir/build
make[1]: Entering directory `/home/swilso421/ros-pi/build/CMakeFiles/CMakeTmp'
/usr/bin/cmake -E cmake_progress_report /home/swilso421/ros-pi/build/CMakeFiles/CMakeTmp/CMakeFiles 1
Building C object CMakeFiles/cmTryCompileExec794105595.dir/CheckFunctionExists.c.o
/usr/bin/cc   -DCHECK_FUNCTION_EXISTS=pthread_create   -o CMakeFiles/cmTryCompileExec794105595.dir/CheckFunctionExists.c.o   -c /usr/share/cmake-2.8/Modules/CheckFunctionExists.c
Linking C executable cmTryCompileExec794105595
/usr/bin/cmake -E cmake_link_script CMakeFiles/cmTryCompileExec794105595.dir/link.txt --verbose=1
/usr/bin/cc   -DCHECK_FUNCTION_EXISTS=pthread_create    CMakeFiles/cmTryCompileExec794105595.dir/CheckFunctionExists.c.o  -o cmTryCompileExec794105595 -rdynamic -lpthreads 
/usr/bin/ld: cannot find -lpthreads
collect2: error: ld returned 1 exit status
make[1]: Leaving directory `/home/swilso421/ros-pi/build/CMakeFiles/CMakeTmp'
make[1]: *** [cmTryCompileExec794105595] Error 1
make: *** [cmTryCompileExec794105595/fast] Error 2


